        -0.18966        -1.06477        0.152839
       -0.873678        0.114374         -1.4529
       -0.452007        0.466491       -0.046424
       -0.102435        0.835556         2.83831
        -1.99776        -0.57567        -1.19524
        0.912272        0.476435       -0.927263
       -0.146743        -1.79112        -3.13343
         1.72983        -1.78933      -0.0439466
        0.390314         0.37359       -0.666763
       -0.446068       -0.918935         1.70275
         2.19418        0.677164       -0.382044
        -1.09557        -1.91629        0.881735
       -0.290132        0.187496       -0.571831
        0.650215        0.313238        0.791181
       -0.804881         1.12698         3.21891
       -0.983592       -0.233601         -1.2194
        -1.18087       -0.155174        0.745074
        0.213415       -0.108558         -1.2993
       -0.224617       -0.266147        -0.99408
        0.322506       -0.683206      -0.0725276
        -1.06897         -0.4259       -0.050299
       -0.901628       -0.443033        -1.16933
         1.79691         2.43859        0.648299
      -0.0981306        0.162915        0.255255
       0.0169493       -0.671975        0.240595
        -1.42276       -0.380584         1.25551
        -1.46625        0.463534        0.211347
         1.29121        0.698953        0.239389
       -0.262726        -0.53205        -1.74085
        0.481057        0.986391       -0.388702
       -0.782848        0.917398       0.0497444
         -1.2962        -1.47608         1.25712
        -1.33322       -0.268646       -0.901402
        -1.00137       -0.491452        -1.06023
         2.13254       -0.029803         1.00843
       -0.186215       -0.202372        0.136071
       -0.565868        0.580194        -2.58423
         2.02357       -0.408445          -1.174
         1.31598       -0.962003       -0.188107
        0.419677        -1.10728        0.438698
        -1.91391        0.565546        0.707868
         1.88558        0.284819       -0.716184
       -0.344503       -0.849474       -0.198392
       -0.356054        0.640229       -0.820619
       -0.882239       -0.372613         1.42916
         1.86815     -0.00854743         0.81142
       -0.164431        0.898659       -0.428545
         1.02075       -0.539394        0.201583
      -0.0243501       0.0663554        -2.07724
        -1.00184       -0.048226         0.58066
         1.17747       -0.759308       -0.689315
       -0.852905       0.0806895        0.456989
        0.820025        -1.64965        -1.55798
       -0.496031         1.52938        -1.50055
        0.659726          1.3367       -0.510716
        0.632996        0.865478         1.06472
       -0.121908         3.08277         1.52632
       -0.610321         1.09043       -0.239143
       -0.699419         1.50763        0.348539
         1.32749        -1.37333       -0.693835
       -0.205468      -0.0791062          1.6891
         2.00843         0.52533        0.054882
        0.365851      -0.0777698       -0.176919
       -0.653173        0.117938        0.268625
       0.0737519       -0.946188         1.28201
        0.921221       -0.450391        0.553046
       -0.694192        0.421154       -0.197849
        -1.99429        0.176229         0.69991
       -0.124984        0.821869       0.0839742
         2.32847        -1.57597        0.301348
        0.122923       -0.641497      -0.0995712
        -1.83407       -0.521366       -0.859841
     -0.00684414        -1.07978        0.375293
        -1.03755         1.58801        0.116908
        -1.56094       0.0245323        0.157242
       -0.228115        -1.57281        -1.70442
        -1.77376       0.0200278        0.502512
          1.3693        -1.00573        0.331368
        0.534871        -0.17238       -0.663652
          1.4161       -0.633691      -0.0899812
         -1.0518          1.9813        -1.37791
       -0.403659        -1.91615       -0.670264
       -0.271063          2.8744       0.0461791
         1.08119         -1.2812       -0.904955
        0.356517        -1.32772        0.530394
         1.16246         2.87941        -1.03012
        -1.36335        -1.04299       -0.773586
         2.13024        0.769885         1.40466
        -1.06753      -0.0192277        0.922916
        -0.51184       -0.944663        0.121955
        0.567446        0.481577         1.07362
        0.479467       -0.323884       -0.746933
       -0.921945        0.471284        0.692797
        0.399488        -3.02021         1.66843
        0.634933       -0.876083       -0.188665
        0.410404         1.09802         0.96049
        0.865325       -0.201662        0.547339
       -0.539487        0.406286       -0.352631
       -0.572453       0.0563206        0.867323
        -1.16479        0.761803         2.17733
        -1.41257         2.19696          0.5532
         1.86684          1.5055         0.01636
      0.00387012        0.654985      -0.0990284
        0.393026        -1.76522         1.15494
       -0.855199       -0.383225      -0.0479737
         1.71551       0.0646648        -1.27728
        -1.30846         0.60526       -0.228561
         1.70918         1.09116       -0.167713
